#
# A fatal error has been detected by the Java Runtime Environment:
#
#  SIGSEGV (0xb) at pc=0x00000001044b7c7f, pid=862, tid=0x0000000000001903
#
# JRE version: Java(TM) SE Runtime Environment (8.0_201-b09) (build 1.8.0_201-b09)
# Java VM: Java HotSpot(TM) 64-Bit Server VM (25.201-b09 mixed mode bsd-amd64 compressed oops)
# Problematic frame:
# V  [libjvm.dylib+0x2b7c7f]  binary_search(Array<Method*>*, Symbol*)+0x1f
#
# Failed to write core dump. Core dumps have been disabled. To enable core dumping, try "ulimit -c unlimited" before starting Java again
#
# If you would like to submit a bug report, please visit:
#   http://bugreport.java.com/bugreport/crash.jsp
#

---------------  T H R E A D  ---------------

Current thread (0x00007fe994809000):  JavaThread "main" [_thread_in_vm, id=6403, stack(0x00000001051ba000,0x00000001052ba000)]

siginfo: si_signo: 11 (SIGSEGV), si_code: 0 (unknown), si_addr: 0x0000000000000000

Registers:
RAX=0x0000000000000002, RBX=0x0000000000000000, RCX=0x0000000000000004, RDX=0x0000000000000000
RSP=0x00000001052b5270, RBP=0x00000001052b5270, RSI=0x00007fe995c66a60, RDI=0x000000011f69dc18
R8 =0x040000011f69df30, R9 =0x0000000000000000, R10=0x000000011f69d8c8, R11=0x00000001054023c0
R12=0x000000011f69dc18, R13=0x000000011f69da60, R14=0x00007fe995c66a60, R15=0x00000007c057b3a8
RIP=0x00000001044b7c7f, EFLAGS=0x0000000000010202, ERR=0x0000000000000000
  TRAPNO=0x000000000000000d

Top of Stack: (sp=0x00000001052b5270)
0x00000001052b5270:   00000001052b52d0 00000001044b7d7c
0x00000001052b5280:   00000001052b54e0 0000000000000000
0x00000001052b5290:   00007fe995c66a60 00007fe995c66a80
0x00000001052b52a0:   000000011f69dc18 00007fe995c66a80
0x00000001052b52b0:   000000011f69dc18 000000011f69da60
0x00000001052b52c0:   00007fe995c66a60 00000007c057b3a8
0x00000001052b52d0:   00000001052b5300 00000001044b7fe1
0x00000001052b52e0:   00007fe994809000 00000001052b5468
0x00000001052b52f0:   00007fe995c66a80 00007fe995c66a60
0x00000001052b5300:   00000001052b5370 00000001045cd037
0x00000001052b5310:   00000007c057b3a8 00007fe994809000
0x00000001052b5320:   00007fe993605040 00007fe993605440
0x00000001052b5330:   00000001052b5390 00000001044b7dd5
0x00000001052b5340:   00000000000003d8 00000001052b56e0
0x00000001052b5350:   00007fe994809000 000000011f69da60
0x00000001052b5360:   00007fe993605101 000000011f69da60
0x00000001052b5370:   00000001052b56a0 00000001045d0b0c
0x00000001052b5380:   00000007c0577c60 00000001052b58f8
0x00000001052b5390:   00000007c057b1c0 00000007c057b3a8
0x00000001052b53a0:   00000001052b5420 00000001045cca63
0x00000001052b53b0:   00000007c057b1c0 00007fe995c66a60
0x00000001052b53c0:   00000001052b56d0 000000010480e8e4
0x00000001052b53d0:   00007fe993605040 00007fe993605440
0x00000001052b53e0:   00007fe993605450 00007fe993605828
0x00000001052b53f0:   00000000000003d8 00007fe995c66a80
0x00000001052b5400:   00000007c057b1c0 00007fe994809000
0x00000001052b5410:   00007fe995c66a60 00000001052b56d0
0x00000001052b5420:   00000001052b56a0 00000001045cd8b5
0x00000001052b5430:   00007fe994809000 00000007c057e478
0x00000001052b5440:   00000001052b5490 00000007c0577c60
0x00000001052b5450:   000000011f6a4ac8 000000011f6a4ac8
0x00000001052b5460:   000000011f6a4ac8 0000000000000000 

Instructions: (pc=0x00000001044b7c7f)
0x00000001044b7c5f:   e0 55 48 89 e5 8b 0f ff c9 31 d2 eb 33 ff c0 89
0x00000001044b7c6f:   c2 eb 2d 8d 04 11 d1 f8 4c 63 c0 4e 8b 44 c7 08
0x00000001044b7c7f:   4d 8b 40 08 45 0f b7 48 22 4d 8b 40 08 4f 8b 44
0x00000001044b7c8f:   c8 50 49 39 f0 72 d6 49 39 f0 74 0d ff c8 89 c1 

Register to memory mapping:

RAX=0x0000000000000002 is an unknown value
RBX=0x0000000000000000 is an unknown value
RCX=0x0000000000000004 is an unknown value
RDX=0x0000000000000000 is an unknown value
RSP=0x00000001052b5270 is pointing into the stack for thread: 0x00007fe994809000
RBP=0x00000001052b5270 is pointing into the stack for thread: 0x00007fe994809000
RSI=0x00007fe995c66a60 is an unknown value
RDI=0x000000011f69dc18 is pointing into metadata
R8 =0x040000011f69df30 is an unknown value
R9 =0x0000000000000000 is an unknown value
R10=0x000000011f69d8c8 is pointing into metadata
R11=0x00000001054023c0 is at entry_point+32 in (nmethod*)0x0000000105402250
R12=0x000000011f69dc18 is pointing into metadata
R13={method} {0x000000011f69da60} 
[error occurred during error reporting (printing register info), id 0xb]

Stack: [0x00000001051ba000,0x00000001052ba000],  sp=0x00000001052b5270,  free space=1004k
Native frames: (J=compiled Java code, j=interpreted, Vv=VM code, C=native code)
V  [libjvm.dylib+0x2b7c7f]  binary_search(Array<Method*>*, Symbol*)+0x1f
V  [libjvm.dylib+0x2b7d7c]  InstanceKlass::find_method_index(Array<Method*>*, Symbol*, Symbol*, Klass::OverpassLookupMode, Klass::StaticLookupMode, Klass::PrivateLookupMode)+0x2c
V  [libjvm.dylib+0x2b7fe1]  InstanceKlass::uncached_lookup_method(Symbol*, Symbol*, Klass::OverpassLookupMode) const+0x31
V  [libjvm.dylib+0x3cd037]  LinkResolver::lookup_instance_method_in_klasses(methodHandle&, KlassHandle, Symbol*, Symbol*, Thread*)+0x39
V  [libjvm.dylib+0x3d0b0c]  LinkResolver::runtime_resolve_interface_method(CallInfo&, methodHandle, KlassHandle, Handle, KlassHandle, bool, Thread*)+0x280
V  [libjvm.dylib+0x3d1161]  LinkResolver::resolve_interface_call(CallInfo&, Handle, KlassHandle, KlassHandle, Symbol*, Symbol*, KlassHandle, bool, bool, Thread*)+0xd1
V  [libjvm.dylib+0x3d1315]  LinkResolver::resolve_invokeinterface(CallInfo&, Handle, constantPoolHandle, int, Thread*)+0x143
V  [libjvm.dylib+0x3d238d]  LinkResolver::resolve_invoke(CallInfo&, Handle, constantPoolHandle, int, Bytecodes::Code, Thread*)+0x3d1
V  [libjvm.dylib+0x2eafca]  InterpreterRuntime::resolve_invoke(JavaThread*, Bytecodes::Code)+0x364
j  org.hibernate.metamodel.internal.MetadataContext.applyIdMetadata(Lorg/hibernate/mapping/PersistentClass;Lorg/hibernate/metamodel/internal/EntityTypeImpl;)V+29
j  org.hibernate.metamodel.internal.MetadataContext.wrapUp()V+155
j  org.hibernate.metamodel.internal.MetamodelImpl.initialize(Lorg/hibernate/boot/spi/MetadataImplementor;Lorg/hibernate/metamodel/internal/JpaMetaModelPopulationSetting;)V+811
j  org.hibernate.internal.SessionFactoryImpl.<init>(Lorg/hibernate/boot/spi/MetadataImplementor;Lorg/hibernate/boot/spi/SessionFactoryOptions;)V+674
j  org.hibernate.boot.internal.SessionFactoryBuilderImpl.build()Lorg/hibernate/SessionFactory;+21
j  org.hibernate.jpa.boot.internal.EntityManagerFactoryBuilderImpl.build()Ljavax/persistence/EntityManagerFactory;+20
j  org.hibernate.jpa.HibernatePersistenceProvider.createContainerEntityManagerFactory(Ljavax/persistence/spi/PersistenceUnitInfo;Ljava/util/Map;)Ljavax/persistence/EntityManagerFactory;+20
j  org.springframework.orm.jpa.LocalContainerEntityManagerFactoryBean.createNativeEntityManagerFactory()Ljavax/persistence/EntityManagerFactory;+129
j  org.springframework.orm.jpa.AbstractEntityManagerFactoryBean.buildNativeEntityManagerFactory()Ljavax/persistence/EntityManagerFactory;+1
j  org.springframework.orm.jpa.AbstractEntityManagerFactoryBean.afterPropertiesSet()V+192
j  org.springframework.orm.jpa.LocalContainerEntityManagerFactoryBean.afterPropertiesSet()V+77
j  ImageHoster.config.JpaConfig.entityManagerFactory()Ljavax/persistence/EntityManagerFactory;+15
j  ImageHoster.config.JpaConfig$$EnhancerBySpringCGLIB$$6bc869d5.CGLIB$entityManagerFactory$1()Ljavax/persistence/EntityManagerFactory;+1
j  ImageHoster.config.JpaConfig$$EnhancerBySpringCGLIB$$6bc869d5$$FastClassBySpringCGLIB$$5789141f.invoke(ILjava/lang/Object;[Ljava/lang/Object;)Ljava/lang/Object;+107
j  org.springframework.cglib.proxy.MethodProxy.invokeSuper(Ljava/lang/Object;[Ljava/lang/Object;)Ljava/lang/Object;+19
j  org.springframework.context.annotation.ConfigurationClassEnhancer$BeanMethodInterceptor.intercept(Ljava/lang/Object;Ljava/lang/reflect/Method;[Ljava/lang/Object;Lorg/springframework/cglib/proxy/MethodProxy;)Ljava/lang/Object;+229
j  ImageHoster.config.JpaConfig$$EnhancerBySpringCGLIB$$6bc869d5.entityManagerFactory()Ljavax/persistence/EntityManagerFactory;+31
v  ~StubRoutines::call_stub
V  [libjvm.dylib+0x2f0bea]  JavaCalls::call_helper(JavaValue*, methodHandle*, JavaCallArguments*, Thread*)+0x6ae
V  [libjvm.dylib+0x4d7830]  Reflection::invoke(instanceKlassHandle, methodHandle, Handle, bool, objArrayHandle, BasicType, objArrayHandle, bool, Thread*)+0xe12
V  [libjvm.dylib+0x4d7d64]  Reflection::invoke_method(oopDesc*, Handle, objArrayHandle, Thread*)+0x16c
V  [libjvm.dylib+0x349138]  JVM_InvokeMethod+0x166
J 1664  sun.reflect.NativeMethodAccessorImpl.invoke0(Ljava/lang/reflect/Method;Ljava/lang/Object;[Ljava/lang/Object;)Ljava/lang/Object; (0 bytes) @ 0x00000001056c886d [0x00000001056c8780+0xed]
J 1663 C1 sun.reflect.NativeMethodAccessorImpl.invoke(Ljava/lang/Object;[Ljava/lang/Object;)Ljava/lang/Object; (104 bytes) @ 0x00000001056c8f4c [0x00000001056c8ba0+0x3ac]
J 916 C1 sun.reflect.DelegatingMethodAccessorImpl.invoke(Ljava/lang/Object;[Ljava/lang/Object;)Ljava/lang/Object; (10 bytes) @ 0x000000010556b744 [0x000000010556b700+0x44]
J 915 C1 java.lang.reflect.Method.invoke(Ljava/lang/Object;[Ljava/lang/Object;)Ljava/lang/Object; (62 bytes) @ 0x000000010556b024 [0x000000010556af20+0x104]
j  org.springframework.beans.factory.support.SimpleInstantiationStrategy.instantiate(Lorg/springframework/beans/factory/support/RootBeanDefinition;Ljava/lang/String;Lorg/springframework/beans/factory/BeanFactory;Ljava/lang/Object;Ljava/lang/reflect/Method;[Ljava/lang/Object;)Ljava/lang/Object;+50
j  org.springframework.beans.factory.support.ConstructorResolver.instantiateUsingFactoryMethod(Ljava/lang/String;Lorg/springframework/beans/factory/support/RootBeanDefinition;[Ljava/lang/Object;)Lorg/springframework/beans/BeanWrapper;+1390
j  org.springframework.beans.factory.support.AbstractAutowireCapableBeanFactory.instantiateUsingFactoryMethod(Ljava/lang/String;Lorg/springframework/beans/factory/support/RootBeanDefinition;[Ljava/lang/Object;)Lorg/springframework/beans/BeanWrapper;+11
j  org.springframework.beans.factory.support.AbstractAutowireCapableBeanFactory.createBeanInstance(Ljava/lang/String;Lorg/springframework/beans/factory/support/RootBeanDefinition;[Ljava/lang/Object;)Lorg/springframework/beans/BeanWrapper;+101
j  org.springframework.beans.factory.support.AbstractAutowireCapableBeanFactory.doCreateBean(Ljava/lang/String;Lorg/springframework/beans/factory/support/RootBeanDefinition;[Ljava/lang/Object;)Ljava/lang/Object;+34
j  org.springframework.beans.factory.support.AbstractAutowireCapableBeanFactory.createBean(Ljava/lang/String;Lorg/springframework/beans/factory/support/RootBeanDefinition;[Ljava/lang/Object;)Ljava/lang/Object;+169
j  org.springframework.beans.factory.support.AbstractBeanFactory.lambda$doGetBean$0(Ljava/lang/String;Lorg/springframework/beans/factory/support/RootBeanDefinition;[Ljava/lang/Object;)Ljava/lang/Object;+4
j  org.springframework.beans.factory.support.AbstractBeanFactory$$Lambda$108.getObject()Ljava/lang/Object;+16
j  org.springframework.beans.factory.support.DefaultSingletonBeanRegistry.getSingleton(Ljava/lang/String;Lorg/springframework/beans/factory/ObjectFactory;)Ljava/lang/Object;+132
J 2566 C1 org.springframework.beans.factory.support.AbstractBeanFactory.doGetBean(Ljava/lang/String;Ljava/lang/Class;[Ljava/lang/Object;Z)Ljava/lang/Object; (819 bytes) @ 0x000000010587e124 [0x000000010587db40+0x5e4]
j  org.springframework.beans.factory.support.AbstractBeanFactory.getBean(Ljava/lang/String;)Ljava/lang/Object;+5
j  org.springframework.orm.jpa.EntityManagerFactoryUtils.findEntityManagerFactory(Lorg/springframework/beans/factory/ListableBeanFactory;Ljava/lang/String;)Ljavax/persistence/EntityManagerFactory;+45
j  org.springframework.orm.jpa.support.PersistenceAnnotationBeanPostProcessor.findNamedEntityManagerFactory(Ljava/lang/String;Ljava/lang/String;)Ljavax/persistence/EntityManagerFactory;+22
j  org.springframework.orm.jpa.support.PersistenceAnnotationBeanPostProcessor.findEntityManagerFactory(Ljava/lang/String;Ljava/lang/String;)Ljavax/persistence/EntityManagerFactory;+37
j  org.springframework.orm.jpa.support.PersistenceAnnotationBeanPostProcessor$PersistenceElement.resolveEntityManagerFactory(Ljava/lang/String;)Ljavax/persistence/EntityManagerFactory;+25
j  org.springframework.orm.jpa.support.PersistenceAnnotationBeanPostProcessor$PersistenceElement.getResourceToInject(Ljava/lang/Object;Ljava/lang/String;)Ljava/lang/Object;+34
j  org.springframework.beans.factory.annotation.InjectionMetadata$InjectedElement.inject(Ljava/lang/Object;Ljava/lang/String;Lorg/springframework/beans/PropertyValues;)V+27
j  org.springframework.beans.factory.annotation.InjectionMetadata.inject(Ljava/lang/Object;Ljava/lang/String;Lorg/springframework/beans/PropertyValues;)V+116
j  org.springframework.orm.jpa.support.PersistenceAnnotationBeanPostProcessor.postProcessPropertyValues(Lorg/springframework/beans/PropertyValues;[Ljava/beans/PropertyDescriptor;Ljava/lang/Object;Ljava/lang/String;)Lorg/springframework/beans/PropertyValues;+19
j  org.springframework.beans.factory.support.AbstractAutowireCapableBeanFactory.populateBean(Ljava/lang/String;Lorg/springframework/beans/factory/support/RootBeanDefinition;Lorg/springframework/beans/BeanWrapper;)V+324
j  org.springframework.beans.factory.support.AbstractAutowireCapableBeanFactory.doCreateBean(Ljava/lang/String;Lorg/springframework/beans/factory/support/RootBeanDefinition;[Ljava/lang/Object;)Ljava/lang/Object;+237
j  org.springframework.beans.factory.support.AbstractAutowireCapableBeanFactory.createBean(Ljava/lang/String;Lorg/springframework/beans/factory/support/RootBeanDefinition;[Ljava/lang/Object;)Ljava/lang/Object;+169
j  org.springframework.beans.factory.support.AbstractBeanFactory.lambda$doGetBean$0(Ljava/lang/String;Lorg/springframework/beans/factory/support/RootBeanDefinition;[Ljava/lang/Object;)Ljava/lang/Object;+4
j  org.springframework.beans.factory.support.AbstractBeanFactory$$Lambda$108.getObject()Ljava/lang/Object;+16
j  org.springframework.beans.factory.support.DefaultSingletonBeanRegistry.getSingleton(Ljava/lang/String;Lorg/springframework/beans/factory/ObjectFactory;)Ljava/lang/Object;+132
J 2566 C1 org.springframework.beans.factory.support.AbstractBeanFactory.doGetBean(Ljava/lang/String;Ljava/lang/Class;[Ljava/lang/Object;Z)Ljava/lang/Object; (819 bytes) @ 0x000000010587e124 [0x000000010587db40+0x5e4]
j  org.springframework.beans.factory.support.AbstractBeanFactory.getBean(Ljava/lang/String;)Ljava/lang/Object;+5
j  org.springframework.beans.factory.config.DependencyDescriptor.resolveCandidate(Ljava/lang/String;Ljava/lang/Class;Lorg/springframework/beans/factory/BeanFactory;)Ljava/lang/Object;+2
j  org.springframework.beans.factory.support.DefaultListableBeanFactory.doResolveDependency(Lorg/springframework/beans/factory/config/DependencyDescriptor;Ljava/lang/String;Ljava/util/Set;Lorg/springframework/beans/TypeConverter;)Ljava/lang/Object;+410
j  org.springframework.beans.factory.support.DefaultListableBeanFactory.resolveDependency(Lorg/springframework/beans/factory/config/DependencyDescriptor;Ljava/lang/String;Ljava/util/Set;Lorg/springframework/beans/TypeConverter;)Ljava/lang/Object;+106
j  org.springframework.beans.factory.annotation.AutowiredAnnotationBeanPostProcessor$AutowiredFieldElement.inject(Ljava/lang/Object;Ljava/lang/String;Lorg/springframework/beans/PropertyValues;)V+115
j  org.springframework.beans.factory.annotation.InjectionMetadata.inject(Ljava/lang/Object;Ljava/lang/String;Lorg/springframework/beans/PropertyValues;)V+116
j  org.springframework.beans.factory.annotation.AutowiredAnnotationBeanPostProcessor.postProcessPropertyValues(Lorg/springframework/beans/PropertyValues;[Ljava/beans/PropertyDescriptor;Ljava/lang/Object;Ljava/lang/String;)Lorg/springframework/beans/PropertyValues;+19
j  org.springframework.beans.factory.support.AbstractAutowireCapableBeanFactory.populateBean(Ljava/lang/String;Lorg/springframework/beans/factory/support/RootBeanDefinition;Lorg/springframework/beans/BeanWrapper;)V+324
j  org.springframework.beans.factory.support.AbstractAutowireCapableBeanFactory.doCreateBean(Ljava/lang/String;Lorg/springframework/beans/factory/support/RootBeanDefinition;[Ljava/lang/Object;)Ljava/lang/Object;+237
j  org.springframework.beans.factory.support.AbstractAutowireCapableBeanFactory.createBean(Ljava/lang/String;Lorg/springframework/beans/factory/support/RootBeanDefinition;[Ljava/lang/Object;)Ljava/lang/Object;+169
j  org.springframework.beans.factory.support.AbstractBeanFactory.lambda$doGetBean$0(Ljava/lang/String;Lorg/springframework/beans/factory/support/RootBeanDefinition;[Ljava/lang/Object;)Ljava/lang/Object;+4
j  org.springframework.beans.factory.support.AbstractBeanFactory$$Lambda$108.getObject()Ljava/lang/Object;+16
j  org.springframework.beans.factory.support.DefaultSingletonBeanRegistry.getSingleton(Ljava/lang/String;Lorg/springframework/beans/factory/ObjectFactory;)Ljava/lang/Object;+132
J 2566 C1 org.springframework.beans.factory.support.AbstractBeanFactory.doGetBean(Ljava/lang/String;Ljava/lang/Class;[Ljava/lang/Object;Z)Ljava/lang/Object; (819 bytes) @ 0x000000010587e124 [0x000000010587db40+0x5e4]
j  org.springframework.beans.factory.support.AbstractBeanFactory.getBean(Ljava/lang/String;)Ljava/lang/Object;+5
j  org.springframework.beans.factory.config.DependencyDescriptor.resolveCandidate(Ljava/lang/String;Ljava/lang/Class;Lorg/springframework/beans/factory/BeanFactory;)Ljava/lang/Object;+2
j  org.springframework.beans.factory.support.DefaultListableBeanFactory.doResolveDependency(Lorg/springframework/beans/factory/config/DependencyDescriptor;Ljava/lang/String;Ljava/util/Set;Lorg/springframework/beans/TypeConverter;)Ljava/lang/Object;+410
j  org.springframework.beans.factory.support.DefaultListableBeanFactory.resolveDependency(Lorg/springframework/beans/factory/config/DependencyDescriptor;Ljava/lang/String;Ljava/util/Set;Lorg/springframework/beans/TypeConverter;)Ljava/lang/Object;+106
j  org.springframework.beans.factory.annotation.AutowiredAnnotationBeanPostProcessor$AutowiredFieldElement.inject(Ljava/lang/Object;Ljava/lang/String;Lorg/springframework/beans/PropertyValues;)V+115
j  org.springframework.beans.factory.annotation.InjectionMetadata.inject(Ljava/lang/Object;Ljava/lang/String;Lorg/springframework/beans/PropertyValues;)V+116
j  org.springframework.beans.factory.annotation.AutowiredAnnotationBeanPostProcessor.postProcessPropertyValues(Lorg/springframework/beans/PropertyValues;[Ljava/beans/PropertyDescriptor;Ljava/lang/Object;Ljava/lang/String;)Lorg/springframework/beans/PropertyValues;+19
j  org.springframework.beans.factory.support.AbstractAutowireCapableBeanFactory.populateBean(Ljava/lang/String;Lorg/springframework/beans/factory/support/RootBeanDefinition;Lorg/springframework/beans/BeanWrapper;)V+324
j  org.springframework.beans.factory.support.AbstractAutowireCapableBeanFactory.doCreateBean(Ljava/lang/String;Lorg/springframework/beans/factory/support/RootBeanDefinition;[Ljava/lang/Object;)Ljava/lang/Object;+237
j  org.springframework.beans.factory.support.AbstractAutowireCapableBeanFactory.createBean(Ljava/lang/String;Lorg/springframework/beans/factory/support/RootBeanDefinition;[Ljava/lang/Object;)Ljava/lang/Object;+169
j  org.springframework.beans.factory.support.AbstractBeanFactory.lambda$doGetBean$0(Ljava/lang/String;Lorg/springframework/beans/factory/support/RootBeanDefinition;[Ljava/lang/Object;)Ljava/lang/Object;+4
j  org.springframework.beans.factory.support.AbstractBeanFactory$$Lambda$108.getObject()Ljava/lang/Object;+16
j  org.springframework.beans.factory.support.DefaultSingletonBeanRegistry.getSingleton(Ljava/lang/String;Lorg/springframework/beans/factory/ObjectFactory;)Ljava/lang/Object;+132
J 2566 C1 org.springframework.beans.factory.support.AbstractBeanFactory.doGetBean(Ljava/lang/String;Ljava/lang/Class;[Ljava/lang/Object;Z)Ljava/lang/Object; (819 bytes) @ 0x000000010587e124 [0x000000010587db40+0x5e4]
j  org.springframework.beans.factory.support.AbstractBeanFactory.getBean(Ljava/lang/String;)Ljava/lang/Object;+5
j  org.springframework.beans.factory.support.DefaultListableBeanFactory.preInstantiateSingletons()V+248
j  org.springframework.context.support.AbstractApplicationContext.finishBeanFactoryInitialization(Lorg/springframework/beans/factory/config/ConfigurableListableBeanFactory;)V+124
j  org.springframework.context.support.AbstractApplicationContext.refresh()V+54
j  org.springframework.boot.web.servlet.context.ServletWebServerApplicationContext.refresh()V+1
j  org.springframework.boot.SpringApplication.refresh(Lorg/springframework/context/ApplicationContext;)V+10
j  org.springframework.boot.SpringApplication.refreshContext(Lorg/springframework/context/ConfigurableApplicationContext;)V+2
j  org.springframework.boot.SpringApplication.run([Ljava/lang/String;)Lorg/springframework/context/ConfigurableApplicationContext;+118
j  org.springframework.boot.SpringApplication.run([Ljava/lang/Class;[Ljava/lang/String;)Lorg/springframework/context/ConfigurableApplicationContext;+9
j  org.springframework.boot.SpringApplication.run(Ljava/lang/Class;[Ljava/lang/String;)Lorg/springframework/context/ConfigurableApplicationContext;+9
j  ImageHoster.ImageHosterApplication.main([Ljava/lang/String;)V+3
...<more frames>...

Java frames: (J=compiled Java code, j=interpreted, Vv=VM code)
j  org.hibernate.metamodel.internal.MetadataContext.applyIdMetadata(Lorg/hibernate/mapping/PersistentClass;Lorg/hibernate/metamodel/internal/EntityTypeImpl;)V+29
j  org.hibernate.metamodel.internal.MetadataContext.wrapUp()V+155
j  org.hibernate.metamodel.internal.MetamodelImpl.initialize(Lorg/hibernate/boot/spi/MetadataImplementor;Lorg/hibernate/metamodel/internal/JpaMetaModelPopulationSetting;)V+811
j  org.hibernate.internal.SessionFactoryImpl.<init>(Lorg/hibernate/boot/spi/MetadataImplementor;Lorg/hibernate/boot/spi/SessionFactoryOptions;)V+674
j  org.hibernate.boot.internal.SessionFactoryBuilderImpl.build()Lorg/hibernate/SessionFactory;+21
j  org.hibernate.jpa.boot.internal.EntityManagerFactoryBuilderImpl.build()Ljavax/persistence/EntityManagerFactory;+20
j  org.hibernate.jpa.HibernatePersistenceProvider.createContainerEntityManagerFactory(Ljavax/persistence/spi/PersistenceUnitInfo;Ljava/util/Map;)Ljavax/persistence/EntityManagerFactory;+20
j  org.springframework.orm.jpa.LocalContainerEntityManagerFactoryBean.createNativeEntityManagerFactory()Ljavax/persistence/EntityManagerFactory;+129
j  org.springframework.orm.jpa.AbstractEntityManagerFactoryBean.buildNativeEntityManagerFactory()Ljavax/persistence/EntityManagerFactory;+1
j  org.springframework.orm.jpa.AbstractEntityManagerFactoryBean.afterPropertiesSet()V+192
j  org.springframework.orm.jpa.LocalContainerEntityManagerFactoryBean.afterPropertiesSet()V+77
j  ImageHoster.config.JpaConfig.entityManagerFactory()Ljavax/persistence/EntityManagerFactory;+15
j  ImageHoster.config.JpaConfig$$EnhancerBySpringCGLIB$$6bc869d5.CGLIB$entityManagerFactory$1()Ljavax/persistence/EntityManagerFactory;+1
j  ImageHoster.config.JpaConfig$$EnhancerBySpringCGLIB$$6bc869d5$$FastClassBySpringCGLIB$$5789141f.invoke(ILjava/lang/Object;[Ljava/lang/Object;)Ljava/lang/Object;+107
j  org.springframework.cglib.proxy.MethodProxy.invokeSuper(Ljava/lang/Object;[Ljava/lang/Object;)Ljava/lang/Object;+19
j  org.springframework.context.annotation.ConfigurationClassEnhancer$BeanMethodInterceptor.intercept(Ljava/lang/Object;Ljava/lang/reflect/Method;[Ljava/lang/Object;Lorg/springframework/cglib/proxy/MethodProxy;)Ljava/lang/Object;+229
j  ImageHoster.config.JpaConfig$$EnhancerBySpringCGLIB$$6bc869d5.entityManagerFactory()Ljavax/persistence/EntityManagerFactory;+31
v  ~StubRoutines::call_stub
J 1664  sun.reflect.NativeMethodAccessorImpl.invoke0(Ljava/lang/reflect/Method;Ljava/lang/Object;[Ljava/lang/Object;)Ljava/lang/Object; (0 bytes) @ 0x00000001056c87f7 [0x00000001056c8780+0x77]
J 1663 C1 sun.reflect.NativeMethodAccessorImpl.invoke(Ljava/lang/Object;[Ljava/lang/Object;)Ljava/lang/Object; (104 bytes) @ 0x00000001056c8f4c [0x00000001056c8ba0+0x3ac]
J 916 C1 sun.reflect.DelegatingMethodAccessorImpl.invoke(Ljava/lang/Object;[Ljava/lang/Object;)Ljava/lang/Object; (10 bytes) @ 0x000000010556b744 [0x000000010556b700+0x44]
J 915 C1 java.lang.reflect.Method.invoke(Ljava/lang/Object;[Ljava/lang/Object;)Ljava/lang/Object; (62 bytes) @ 0x000000010556b024 [0x000000010556af20+0x104]
j  org.springframework.beans.factory.support.SimpleInstantiationStrategy.instantiate(Lorg/springframework/beans/factory/support/RootBeanDefinition;Ljava/lang/String;Lorg/springframework/beans/factory/BeanFactory;Ljava/lang/Object;Ljava/lang/reflect/Method;[Ljava/lang/Object;)Ljava/lang/Object;+50
j  org.springframework.beans.factory.support.ConstructorResolver.instantiateUsingFactoryMethod(Ljava/lang/String;Lorg/springframework/beans/factory/support/RootBeanDefinition;[Ljava/lang/Object;)Lorg/springframework/beans/BeanWrapper;+1390
j  org.springframework.beans.factory.support.AbstractAutowireCapableBeanFactory.instantiateUsingFactoryMethod(Ljava/lang/String;Lorg/springframework/beans/factory/support/RootBeanDefinition;[Ljava/lang/Object;)Lorg/springframework/beans/BeanWrapper;+11
j  org.springframework.beans.factory.support.AbstractAutowireCapableBeanFactory.createBeanInstance(Ljava/lang/String;Lorg/springframework/beans/factory/support/RootBeanDefinition;[Ljava/lang/Object;)Lorg/springframework/beans/BeanWrapper;+101
j  org.springframework.beans.factory.support.AbstractAutowireCapableBeanFactory.doCreateBean(Ljava/lang/String;Lorg/springframework/beans/factory/support/RootBeanDefinition;[Ljava/lang/Object;)Ljava/lang/Object;+34
j  org.springframework.beans.factory.support.AbstractAutowireCapableBeanFactory.createBean(Ljava/lang/String;Lorg/springframework/beans/factory/support/RootBeanDefinition;[Ljava/lang/Object;)Ljava/lang/Object;+169
j  org.springframework.beans.factory.support.AbstractBeanFactory.lambda$doGetBean$0(Ljava/lang/String;Lorg/springframework/beans/factory/support/RootBeanDefinition;[Ljava/lang/Object;)Ljava/lang/Object;+4
j  org.springframework.beans.factory.support.AbstractBeanFactory$$Lambda$108.getObject()Ljava/lang/Object;+16
j  org.springframework.beans.factory.support.DefaultSingletonBeanRegistry.getSingleton(Ljava/lang/String;Lorg/springframework/beans/factory/ObjectFactory;)Ljava/lang/Object;+132
J 2566 C1 org.springframework.beans.factory.support.AbstractBeanFactory.doGetBean(Ljava/lang/String;Ljava/lang/Class;[Ljava/lang/Object;Z)Ljava/lang/Object; (819 bytes) @ 0x000000010587e124 [0x000000010587db40+0x5e4]
j  org.springframework.beans.factory.support.AbstractBeanFactory.getBean(Ljava/lang/String;)Ljava/lang/Object;+5
j  org.springframework.orm.jpa.EntityManagerFactoryUtils.findEntityManagerFactory(Lorg/springframework/beans/factory/ListableBeanFactory;Ljava/lang/String;)Ljavax/persistence/EntityManagerFactory;+45
j  org.springframework.orm.jpa.support.PersistenceAnnotationBeanPostProcessor.findNamedEntityManagerFactory(Ljava/lang/String;Ljava/lang/String;)Ljavax/persistence/EntityManagerFactory;+22
j  org.springframework.orm.jpa.support.PersistenceAnnotationBeanPostProcessor.findEntityManagerFactory(Ljava/lang/String;Ljava/lang/String;)Ljavax/persistence/EntityManagerFactory;+37
j  org.springframework.orm.jpa.support.PersistenceAnnotationBeanPostProcessor$PersistenceElement.resolveEntityManagerFactory(Ljava/lang/String;)Ljavax/persistence/EntityManagerFactory;+25
j  org.springframework.orm.jpa.support.PersistenceAnnotationBeanPostProcessor$PersistenceElement.getResourceToInject(Ljava/lang/Object;Ljava/lang/String;)Ljava/lang/Object;+34
j  org.springframework.beans.factory.annotation.InjectionMetadata$InjectedElement.inject(Ljava/lang/Object;Ljava/lang/String;Lorg/springframework/beans/PropertyValues;)V+27
j  org.springframework.beans.factory.annotation.InjectionMetadata.inject(Ljava/lang/Object;Ljava/lang/String;Lorg/springframework/beans/PropertyValues;)V+116
j  org.springframework.orm.jpa.support.PersistenceAnnotationBeanPostProcessor.postProcessPropertyValues(Lorg/springframework/beans/PropertyValues;[Ljava/beans/PropertyDescriptor;Ljava/lang/Object;Ljava/lang/String;)Lorg/springframework/beans/PropertyValues;+19
j  org.springframework.beans.factory.support.AbstractAutowireCapableBeanFactory.populateBean(Ljava/lang/String;Lorg/springframework/beans/factory/support/RootBeanDefinition;Lorg/springframework/beans/BeanWrapper;)V+324
j  org.springframework.beans.factory.support.AbstractAutowireCapableBeanFactory.doCreateBean(Ljava/lang/String;Lorg/springframework/beans/factory/support/RootBeanDefinition;[Ljava/lang/Object;)Ljava/lang/Object;+237
j  org.springframework.beans.factory.support.AbstractAutowireCapableBeanFactory.createBean(Ljava/lang/String;Lorg/springframework/beans/factory/support/RootBeanDefinition;[Ljava/lang/Object;)Ljava/lang/Object;+169
j  org.springframework.beans.factory.support.AbstractBeanFactory.lambda$doGetBean$0(Ljava/lang/String;Lorg/springframework/beans/factory/support/RootBeanDefinition;[Ljava/lang/Object;)Ljava/lang/Object;+4
j  org.springframework.beans.factory.support.AbstractBeanFactory$$Lambda$108.getObject()Ljava/lang/Object;+16
j  org.springframework.beans.factory.support.DefaultSingletonBeanRegistry.getSingleton(Ljava/lang/String;Lorg/springframework/beans/factory/ObjectFactory;)Ljava/lang/Object;+132
J 2566 C1 org.springframework.beans.factory.support.AbstractBeanFactory.doGetBean(Ljava/lang/String;Ljava/lang/Class;[Ljava/lang/Object;Z)Ljava/lang/Object; (819 bytes) @ 0x000000010587e124 [0x000000010587db40+0x5e4]
j  org.springframework.beans.factory.support.AbstractBeanFactory.getBean(Ljava/lang/String;)Ljava/lang/Object;+5
j  org.springframework.beans.factory.config.DependencyDescriptor.resolveCandidate(Ljava/lang/String;Ljava/lang/Class;Lorg/springframework/beans/factory/BeanFactory;)Ljava/lang/Object;+2
j  org.springframework.beans.factory.support.DefaultListableBeanFactory.doResolveDependency(Lorg/springframework/beans/factory/config/DependencyDescriptor;Ljava/lang/String;Ljava/util/Set;Lorg/springframework/beans/TypeConverter;)Ljava/lang/Object;+410
j  org.springframework.beans.factory.support.DefaultListableBeanFactory.resolveDependency(Lorg/springframework/beans/factory/config/DependencyDescriptor;Ljava/lang/String;Ljava/util/Set;Lorg/springframework/beans/TypeConverter;)Ljava/lang/Object;+106
j  org.springframework.beans.factory.annotation.AutowiredAnnotationBeanPostProcessor$AutowiredFieldElement.inject(Ljava/lang/Object;Ljava/lang/String;Lorg/springframework/beans/PropertyValues;)V+115
j  org.springframework.beans.factory.annotation.InjectionMetadata.inject(Ljava/lang/Object;Ljava/lang/String;Lorg/springframework/beans/PropertyValues;)V+116
j  org.springframework.beans.factory.annotation.AutowiredAnnotationBeanPostProcessor.postProcessPropertyValues(Lorg/springframework/beans/PropertyValues;[Ljava/beans/PropertyDescriptor;Ljava/lang/Object;Ljava/lang/String;)Lorg/springframework/beans/PropertyValues;+19
j  org.springframework.beans.factory.support.AbstractAutowireCapableBeanFactory.populateBean(Ljava/lang/String;Lorg/springframework/beans/factory/support/RootBeanDefinition;Lorg/springframework/beans/BeanWrapper;)V+324
j  org.springframework.beans.factory.support.AbstractAutowireCapableBeanFactory.doCreateBean(Ljava/lang/String;Lorg/springframework/beans/factory/support/RootBeanDefinition;[Ljava/lang/Object;)Ljava/lang/Object;+237
j  org.springframework.beans.factory.support.AbstractAutowireCapableBeanFactory.createBean(Ljava/lang/String;Lorg/springframework/beans/factory/support/RootBeanDefinition;[Ljava/lang/Object;)Ljava/lang/Object;+169
j  org.springframework.beans.factory.support.AbstractBeanFactory.lambda$doGetBean$0(Ljava/lang/String;Lorg/springframework/beans/factory/support/RootBeanDefinition;[Ljava/lang/Object;)Ljava/lang/Object;+4
j  org.springframework.beans.factory.support.AbstractBeanFactory$$Lambda$108.getObject()Ljava/lang/Object;+16
j  org.springframework.beans.factory.support.DefaultSingletonBeanRegistry.getSingleton(Ljava/lang/String;Lorg/springframework/beans/factory/ObjectFactory;)Ljava/lang/Object;+132
J 2566 C1 org.springframework.beans.factory.support.AbstractBeanFactory.doGetBean(Ljava/lang/String;Ljava/lang/Class;[Ljava/lang/Object;Z)Ljava/lang/Object; (819 bytes) @ 0x000000010587e124 [0x000000010587db40+0x5e4]
j  org.springframework.beans.factory.support.AbstractBeanFactory.getBean(Ljava/lang/String;)Ljava/lang/Object;+5
j  org.springframework.beans.factory.config.DependencyDescriptor.resolveCandidate(Ljava/lang/String;Ljava/lang/Class;Lorg/springframework/beans/factory/BeanFactory;)Ljava/lang/Object;+2
j  org.springframework.beans.factory.support.DefaultListableBeanFactory.doResolveDependency(Lorg/springframework/beans/factory/config/DependencyDescriptor;Ljava/lang/String;Ljava/util/Set;Lorg/springframework/beans/TypeConverter;)Ljava/lang/Object;+410
j  org.springframework.beans.factory.support.DefaultListableBeanFactory.resolveDependency(Lorg/springframework/beans/factory/config/DependencyDescriptor;Ljava/lang/String;Ljava/util/Set;Lorg/springframework/beans/TypeConverter;)Ljava/lang/Object;+106
j  org.springframework.beans.factory.annotation.AutowiredAnnotationBeanPostProcessor$AutowiredFieldElement.inject(Ljava/lang/Object;Ljava/lang/String;Lorg/springframework/beans/PropertyValues;)V+115
j  org.springframework.beans.factory.annotation.InjectionMetadata.inject(Ljava/lang/Object;Ljava/lang/String;Lorg/springframework/beans/PropertyValues;)V+116
j  org.springframework.beans.factory.annotation.AutowiredAnnotationBeanPostProcessor.postProcessPropertyValues(Lorg/springframework/beans/PropertyValues;[Ljava/beans/PropertyDescriptor;Ljava/lang/Object;Ljava/lang/String;)Lorg/springframework/beans/PropertyValues;+19
j  org.springframework.beans.factory.support.AbstractAutowireCapableBeanFactory.populateBean(Ljava/lang/String;Lorg/springframework/beans/factory/support/RootBeanDefinition;Lorg/springframework/beans/BeanWrapper;)V+324
j  org.springframework.beans.factory.support.AbstractAutowireCapableBeanFactory.doCreateBean(Ljava/lang/String;Lorg/springframework/beans/factory/support/RootBeanDefinition;[Ljava/lang/Object;)Ljava/lang/Object;+237
j  org.springframework.beans.factory.support.AbstractAutowireCapableBeanFactory.createBean(Ljava/lang/String;Lorg/springframework/beans/factory/support/RootBeanDefinition;[Ljava/lang/Object;)Ljava/lang/Object;+169
j  org.springframework.beans.factory.support.AbstractBeanFactory.lambda$doGetBean$0(Ljava/lang/String;Lorg/springframework/beans/factory/support/RootBeanDefinition;[Ljava/lang/Object;)Ljava/lang/Object;+4
j  org.springframework.beans.factory.support.AbstractBeanFactory$$Lambda$108.getObject()Ljava/lang/Object;+16
j  org.springframework.beans.factory.support.DefaultSingletonBeanRegistry.getSingleton(Ljava/lang/String;Lorg/springframework/beans/factory/ObjectFactory;)Ljava/lang/Object;+132
J 2566 C1 org.springframework.beans.factory.support.AbstractBeanFactory.doGetBean(Ljava/lang/String;Ljava/lang/Class;[Ljava/lang/Object;Z)Ljava/lang/Object; (819 bytes) @ 0x000000010587e124 [0x000000010587db40+0x5e4]
j  org.springframework.beans.factory.support.AbstractBeanFactory.getBean(Ljava/lang/String;)Ljava/lang/Object;+5
j  org.springframework.beans.factory.support.DefaultListableBeanFactory.preInstantiateSingletons()V+248
j  org.springframework.context.support.AbstractApplicationContext.finishBeanFactoryInitialization(Lorg/springframework/beans/factory/config/ConfigurableListableBeanFactory;)V+124
j  org.springframework.context.support.AbstractApplicationContext.refresh()V+54
j  org.springframework.boot.web.servlet.context.ServletWebServerApplicationContext.refresh()V+1
j  org.springframework.boot.SpringApplication.refresh(Lorg/springframework/context/ApplicationContext;)V+10
j  org.springframework.boot.SpringApplication.refreshContext(Lorg/springframework/context/ConfigurableApplicationContext;)V+2
j  org.springframework.boot.SpringApplication.run([Ljava/lang/String;)Lorg/springframework/context/ConfigurableApplicationContext;+118
j  org.springframework.boot.SpringApplication.run([Ljava/lang/Class;[Ljava/lang/String;)Lorg/springframework/context/ConfigurableApplicationContext;+9
j  org.springframework.boot.SpringApplication.run(Ljava/lang/Class;[Ljava/lang/String;)Lorg/springframework/context/ConfigurableApplicationContext;+9
j  ImageHoster.ImageHosterApplication.main([Ljava/lang/String;)V+3
v  ~StubRoutines::call_stub

---------------  P R O C E S S  ---------------

Java Threads: ( => current thread )
  0x00007fe993db6800 JavaThread "container-0" [_thread_blocked, id=26883, stack(0x000000011ede8000,0x000000011eee8000)]
  0x00007fe9941ef800 JavaThread "ContainerBackgroundProcessor[StandardEngine[Tomcat]]" daemon [_thread_blocked, id=26375, stack(0x000000011ece5000,0x000000011ede5000)]
  0x00007fe994208000 JavaThread "localhost-startStop-1" daemon [_thread_blocked, id=25871, stack(0x000000011ebe2000,0x000000011ece2000)]
  0x00007fe9941ea800 JavaThread "Tomcat-startStop-1" daemon [_thread_blocked, id=25367, stack(0x000000011eadf000,0x000000011ebdf000)]
  0x00007fe9940b3000 JavaThread "RMI Scheduler(0)" daemon [_thread_blocked, id=24835, stack(0x000000011d643000,0x000000011d743000)]
  0x00007fe9940b1000 JavaThread "RMI TCP Connection(1)-192.168.43.206" daemon [_thread_in_native, id=24323, stack(0x000000011d51a000,0x000000011d61a000)]
  0x00007fe9940b0000 JavaThread "Attach Listener" daemon [_thread_blocked, id=23811, stack(0x000000011d417000,0x000000011d517000)]
  0x00007fe99512a000 JavaThread "RMI TCP Accept-0" daemon [_thread_in_native, id=22791, stack(0x000000011d211000,0x000000011d311000)]
  0x00007fe9950ac000 JavaThread "Service Thread" daemon [_thread_blocked, id=20995, stack(0x000000011d0ec000,0x000000011d1ec000)]
  0x00007fe99406a000 JavaThread "C1 CompilerThread2" daemon [_thread_blocked, id=20483, stack(0x000000011cf8a000,0x000000011d08a000)]
  0x00007fe994069800 JavaThread "C2 CompilerThread1" daemon [_thread_blocked, id=19971, stack(0x000000011ce87000,0x000000011cf87000)]
  0x00007fe994987800 JavaThread "C2 CompilerThread0" daemon [_thread_blocked, id=19459, stack(0x000000011cd84000,0x000000011ce84000)]
  0x00007fe994984800 JavaThread "Monitor Ctrl-Break" daemon [_thread_in_native, id=18947, stack(0x000000011cc81000,0x000000011cd81000)]
  0x00007fe993809000 JavaThread "Signal Dispatcher" daemon [_thread_blocked, id=18435, stack(0x000000011c7d9000,0x000000011c8d9000)]
  0x00007fe994019800 JavaThread "Finalizer" daemon [_thread_blocked, id=12547, stack(0x000000011c503000,0x000000011c603000)]
  0x00007fe995001000 JavaThread "Reference Handler" daemon [_thread_blocked, id=12035, stack(0x000000011c400000,0x000000011c500000)]
=>0x00007fe994809000 JavaThread "main" [_thread_in_vm, id=6403, stack(0x00000001051ba000,0x00000001052ba000)]

Other Threads:
  0x00007fe994013800 VMThread [stack: 0x000000011c2fd000,0x000000011c3fd000] [id=11523]
  0x00007fe994a3b000 WatcherThread [stack: 0x000000011d314000,0x000000011d414000] [id=23299]

VM state:not at safepoint (normal execution)

VM Mutex/Monitor currently owned by a thread: None

heap address: 0x0000000720000000, size: 2560 MB, Compressed Oops mode: Zero based, Oop shift amount: 3
Narrow klass base: 0x0000000000000000, Narrow klass shift: 3
Compressed class space size: 1073741824 Address: 0x00000007c0000000

Heap:
 PSYoungGen      total 227328K, used 66679K [0x000000078ab00000, 0x000000079ac00000, 0x00000007c0000000)
  eden space 212480K, 31% used [0x000000078ab00000,0x000000078ec1dfb8,0x0000000797a80000)
  from space 14848K, 0% used [0x0000000798980000,0x0000000798980000,0x0000000799800000)
  to   space 15360K, 0% used [0x0000000797a80000,0x0000000797a80000,0x0000000798980000)
 ParOldGen       total 92160K, used 18030K [0x0000000720000000, 0x0000000725a00000, 0x000000078ab00000)
  object space 92160K, 19% used [0x0000000720000000,0x000000072119ba58,0x0000000725a00000)
 Metaspace       used 38704K, capacity 40032K, committed 40576K, reserved 1083392K
  class space    used 5351K, capacity 5655K, committed 5760K, reserved 1048576K

Card table byte_map: [0x00000001146be000,0x0000000114bbf000] byte_map_base: 0x0000000110dbe000

Marking Bits: (ParMarkBitMap*) 0x0000000104afbe40
 Begin Bits: [0x0000000115321000, 0x0000000117b21000)
 End Bits:   [0x0000000117b21000, 0x000000011a321000)

Polling page: 0x00000001039d8000

CodeCache: size=245760Kb used=7021Kb max_used=7021Kb free=238738Kb
 bounds [0x00000001052fe000, 0x00000001059de000, 0x00000001142fe000]
 total_blobs=3875 nmethods=3405 adapters=382
 compilation: enabled

Compilation events (10 events):
Event: 5.765 Thread 0x00007fe99406a000 3402       1       org.hibernate.internal.util.StringHelper::replace (148 bytes)
Event: 5.766 Thread 0x00007fe99406a000 nmethod 3402 0x00000001059d7410 code [0x00000001059d7660, 0x00000001059d8028]
Event: 5.766 Thread 0x00007fe99406a000 3401       1       org.hibernate.loader.plan.build.internal.spaces.JoinImpl::getRightHandSide (5 bytes)
Event: 5.767 Thread 0x00007fe99406a000 nmethod 3401 0x00000001059d8b50 code [0x00000001059d8ca0, 0x00000001059d8db0]
Event: 5.767 Thread 0x00007fe99406a000 3403       1       org.hibernate.type.CollectionType::getAssociatedJoinable (14 bytes)
Event: 5.767 Thread 0x00007fe99406a000 nmethod 3403 0x00000001059d8e10 code [0x00000001059d8f80, 0x00000001059d9108]
Event: 5.767 Thread 0x00007fe99406a000 3404       1       org.hibernate.type.EntityType::getAssociatedEntityName (5 bytes)
Event: 5.767 Thread 0x00007fe99406a000 nmethod 3404 0x00000001059d9190 code [0x00000001059d92e0, 0x00000001059d93f0]
Event: 5.767 Thread 0x00007fe99406a000 3405       1       org.hibernate.loader.plan.exec.internal.LoadQueryJoinAndFetchProcessor::getAliasResolutionContext (5 bytes)
Event: 5.767 Thread 0x00007fe99406a000 nmethod 3405 0x00000001059d9450 code [0x00000001059d95a0, 0x00000001059d96b0]

GC Heap History (10 events):
Event: 3.408 GC heap before
{Heap before GC invocations=6 (full 1):
 PSYoungGen      total 88576K, used 81920K [0x000000078ab00000, 0x0000000790800000, 0x00000007c0000000)
  eden space 81920K, 100% used [0x000000078ab00000,0x000000078fb00000,0x000000078fb00000)
  from space 6656K, 0% used [0x0000000790180000,0x0000000790180000,0x0000000790800000)
  to   space 6656K, 0% used [0x000000078fb00000,0x000000078fb00000,0x0000000790180000)
 ParOldGen       total 60416K, used 5141K [0x0000000720000000, 0x0000000723b00000, 0x000000078ab00000)
  object space 60416K, 8% used [0x0000000720000000,0x0000000720505680,0x0000000723b00000)
 Metaspace       used 22553K, capacity 23322K, committed 23552K, reserved 1069056K
  class space    used 3026K, capacity 3244K, committed 3328K, reserved 1048576K
Event: 3.418 GC heap after
Heap after GC invocations=6 (full 1):
 PSYoungGen      total 88576K, used 5174K [0x000000078ab00000, 0x0000000794180000, 0x00000007c0000000)
  eden space 81920K, 0% used [0x000000078ab00000,0x000000078ab00000,0x000000078fb00000)
  from space 6656K, 77% used [0x000000078fb00000,0x000000079000d9d0,0x0000000790180000)
  to   space 9216K, 0% used [0x0000000793880000,0x0000000793880000,0x0000000794180000)
 ParOldGen       total 60416K, used 5213K [0x0000000720000000, 0x0000000723b00000, 0x000000078ab00000)
  object space 60416K, 8% used [0x0000000720000000,0x0000000720517690,0x0000000723b00000)
 Metaspace       used 22553K, capacity 23322K, committed 23552K, reserved 1069056K
  class space    used 3026K, capacity 3244K, committed 3328K, reserved 1048576K
}
Event: 4.200 GC heap before
{Heap before GC invocations=7 (full 1):
 PSYoungGen      total 88576K, used 87094K [0x000000078ab00000, 0x0000000794180000, 0x00000007c0000000)
  eden space 81920K, 100% used [0x000000078ab00000,0x000000078fb00000,0x000000078fb00000)
  from space 6656K, 77% used [0x000000078fb00000,0x000000079000d9d0,0x0000000790180000)
  to   space 9216K, 0% used [0x0000000793880000,0x0000000793880000,0x0000000794180000)
 ParOldGen       total 60416K, used 5213K [0x0000000720000000, 0x0000000723b00000, 0x000000078ab00000)
  object space 60416K, 8% used [0x0000000720000000,0x0000000720517690,0x0000000723b00000)
 Metaspace       used 26048K, capacity 27006K, committed 27136K, reserved 1073152K
  class space    used 3529K, capacity 3774K, committed 3840K, reserved 1048576K
Event: 4.214 GC heap after
Heap after GC invocations=7 (full 1):
 PSYoungGen      total 141312K, used 8679K [0x000000078ab00000, 0x0000000794100000, 0x00000007c0000000)
  eden space 132608K, 0% used [0x000000078ab00000,0x000000078ab00000,0x0000000792c80000)
  from space 8704K, 99% used [0x0000000793880000,0x00000007940f9d38,0x0000000794100000)
  to   space 10240K, 0% used [0x0000000792d00000,0x0000000792d00000,0x0000000793700000)
 ParOldGen       total 60416K, used 5221K [0x0000000720000000, 0x0000000723b00000, 0x000000078ab00000)
  object space 60416K, 8% used [0x0000000720000000,0x0000000720519690,0x0000000723b00000)
 Metaspace       used 26048K, capacity 27006K, committed 27136K, reserved 1073152K
  class space    used 3529K, capacity 3774K, committed 3840K, reserved 1048576K
}
Event: 4.953 GC heap before
{Heap before GC invocations=8 (full 1):
 PSYoungGen      total 141312K, used 141287K [0x000000078ab00000, 0x0000000794100000, 0x00000007c0000000)
  eden space 132608K, 100% used [0x000000078ab00000,0x0000000792c80000,0x0000000792c80000)
  from space 8704K, 99% used [0x0000000793880000,0x00000007940f9d38,0x0000000794100000)
  to   space 10240K, 0% used [0x0000000792d00000,0x0000000792d00000,0x0000000793700000)
 ParOldGen       total 60416K, used 5221K [0x0000000720000000, 0x0000000723b00000, 0x000000078ab00000)
  object space 60416K, 8% used [0x0000000720000000,0x0000000720519690,0x0000000723b00000)
 Metaspace       used 33118K, capacity 34394K, committed 34688K, reserved 1079296K
  class space    used 4583K, capacity 4866K, committed 4992K, reserved 1048576K
Event: 4.976 GC heap after
Heap after GC invocations=8 (full 1):
 PSYoungGen      total 143360K, used 10217K [0x000000078ab00000, 0x0000000799800000, 0x00000007c0000000)
  eden space 133120K, 0% used [0x000000078ab00000,0x000000078ab00000,0x0000000792d00000)
  from space 10240K, 99% used [0x0000000792d00000,0x00000007936fa5b8,0x0000000793700000)
  to   space 14848K, 0% used [0x0000000798980000,0x0000000798980000,0x0000000799800000)
 ParOldGen       total 60416K, used 12291K [0x0000000720000000, 0x0000000723b00000, 0x000000078ab00000)
  object space 60416K, 20% used [0x0000000720000000,0x0000000720c00e08,0x0000000723b00000)
 Metaspace       used 33118K, capacity 34394K, committed 34688K, reserved 1079296K
  class space    used 4583K, capacity 4866K, committed 4992K, reserved 1048576K
}
Event: 5.058 GC heap before
{Heap before GC invocations=9 (full 1):
 PSYoungGen      total 143360K, used 23741K [0x000000078ab00000, 0x0000000799800000, 0x00000007c0000000)
  eden space 133120K, 10% used [0x000000078ab00000,0x000000078b835178,0x0000000792d00000)
  from space 10240K, 99% used [0x0000000792d00000,0x00000007936fa5b8,0x0000000793700000)
  to   space 14848K, 0% used [0x0000000798980000,0x0000000798980000,0x0000000799800000)
 ParOldGen       total 60416K, used 12291K [0x0000000720000000, 0x0000000723b00000, 0x000000078ab00000)
  object space 60416K, 20% used [0x0000000720000000,0x0000000720c00e08,0x0000000723b00000)
 Metaspace       used 34050K, capacity 35258K, committed 35456K, reserved 1079296K
  class space    used 4691K, capacity 4962K, committed 4992K, reserved 1048576K
Event: 5.075 GC heap after
Heap after GC invocations=9 (full 1):
 PSYoungGen      total 227328K, used 11048K [0x000000078ab00000, 0x000000079ac00000, 0x00000007c0000000)
  eden space 212480K, 0% used [0x000000078ab00000,0x000000078ab00000,0x0000000797a80000)
  from space 14848K, 74% used [0x0000000798980000,0x000000079944a310,0x0000000799800000)
  to   space 15360K, 0% used [0x0000000797a80000,0x0000000797a80000,0x0000000798980000)
 ParOldGen       total 60416K, used 12299K [0x0000000720000000, 0x0000000723b00000, 0x000000078ab00000)
  object space 60416K, 20% used [0x0000000720000000,0x0000000720c02e08,0x0000000723b00000)
 Metaspace       used 34050K, capacity 35258K, committed 35456K, reserved 1079296K
  class space    used 4691K, capacity 4962K, committed 4992K, reserved 1048576K
}
Event: 5.075 GC heap before
{Heap before GC invocations=10 (full 2):
 PSYoungGen      total 227328K, used 11048K [0x000000078ab00000, 0x000000079ac00000, 0x00000007c0000000)
  eden space 212480K, 0% used [0x000000078ab00000,0x000000078ab00000,0x0000000797a80000)
  from space 14848K, 74% used [0x0000000798980000,0x000000079944a310,0x0000000799800000)
  to   space 15360K, 0% used [0x0000000797a80000,0x0000000797a80000,0x0000000798980000)
 ParOldGen       total 60416K, used 12299K [0x0000000720000000, 0x0000000723b00000, 0x000000078ab00000)
  object space 60416K, 20% used [0x0000000720000000,0x0000000720c02e08,0x0000000723b00000)
 Metaspace       used 34050K, capacity 35258K, committed 35456K, reserved 1079296K
  class space    used 4691K, capacity 4962K, committed 4992K, reserved 1048576K
Event: 5.157 GC heap after
Heap after GC invocations=10 (full 2):
 PSYoungGen      total 227328K, used 0K [0x000000078ab00000, 0x000000079ac00000, 0x00000007c0000000)
  eden space 212480K, 0% used [0x000000078ab00000,0x000000078ab00000,0x0000000797a80000)
  from space 14848K, 0% used [0x0000000798980000,0x0000000798980000,0x0000000799800000)
  to   space 15360K, 0% used [0x0000000797a80000,0x0000000797a80000,0x0000000798980000)
 ParOldGen       total 92160K, used 18030K [0x0000000720000000, 0x0000000725a00000, 0x000000078ab00000)
  object space 92160K, 19% used [0x0000000720000000,0x000000072119ba58,0x0000000725a00000)
 Metaspace       used 34050K, capacity 35258K, committed 35456K, reserved 1079296K
  class space    used 4691K, capacity 4962K, committed 4992K, reserved 1048576K
}

Deoptimization events (0 events):
No events

Classes redefined (0 events):
No events

Internal exceptions (10 events):
Event: 5.501 Thread 0x00007fe994809000 Exception <a 'java/lang/ArrayIndexOutOfBoundsException'> (0x000000078ce9d1f8) thrown at [/Users/java_re/workspace/8-2-build-macosx-x86_64/jdk8u201/12322/hotspot/src/share/vm/runtime/sharedRuntime.cpp, line 605]
Event: 5.501 Thread 0x00007fe994809000 Exception <a 'java/lang/ArrayIndexOutOfBoundsException'> (0x000000078ce9ed10) thrown at [/Users/java_re/workspace/8-2-build-macosx-x86_64/jdk8u201/12322/hotspot/src/share/vm/runtime/sharedRuntime.cpp, line 605]
Event: 5.527 Thread 0x00007fe994809000 Exception <a 'java/lang/ArrayIndexOutOfBoundsException'> (0x000000078d14f9b8) thrown at [/Users/java_re/workspace/8-2-build-macosx-x86_64/jdk8u201/12322/hotspot/src/share/vm/runtime/sharedRuntime.cpp, line 605]
Event: 5.527 Thread 0x00007fe994809000 Exception <a 'java/lang/ArrayIndexOutOfBoundsException'> (0x000000078d150eb8) thrown at [/Users/java_re/workspace/8-2-build-macosx-x86_64/jdk8u201/12322/hotspot/src/share/vm/runtime/sharedRuntime.cpp, line 605]
Event: 5.532 Thread 0x00007fe994809000 Exception <a 'java/lang/ArrayIndexOutOfBoundsException'> (0x000000078d1bd7e0) thrown at [/Users/java_re/workspace/8-2-build-macosx-x86_64/jdk8u201/12322/hotspot/src/share/vm/runtime/sharedRuntime.cpp, line 605]
Event: 5.532 Thread 0x00007fe994809000 Exception <a 'java/lang/ArrayIndexOutOfBoundsException'> (0x000000078d1beaf0) thrown at [/Users/java_re/workspace/8-2-build-macosx-x86_64/jdk8u201/12322/hotspot/src/share/vm/runtime/sharedRuntime.cpp, line 605]
Event: 5.533 Thread 0x00007fe994809000 Exception <a 'java/lang/ArrayIndexOutOfBoundsException'> (0x000000078d1c56e0) thrown at [/Users/java_re/workspace/8-2-build-macosx-x86_64/jdk8u201/12322/hotspot/src/share/vm/runtime/sharedRuntime.cpp, line 605]
Event: 5.533 Thread 0x00007fe994809000 Exception <a 'java/lang/ArrayIndexOutOfBoundsException'> (0x000000078d1c69f0) thrown at [/Users/java_re/workspace/8-2-build-macosx-x86_64/jdk8u201/12322/hotspot/src/share/vm/runtime/sharedRuntime.cpp, line 605]
Event: 5.533 Thread 0x00007fe994809000 Exception <a 'java/lang/ArrayIndexOutOfBoundsException'> (0x000000078d1c7c40) thrown at [/Users/java_re/workspace/8-2-build-macosx-x86_64/jdk8u201/12322/hotspot/src/share/vm/runtime/sharedRuntime.cpp, line 605]
Event: 5.533 Thread 0x00007fe994809000 Exception <a 'java/lang/ArrayIndexOutOfBoundsException'> (0x000000078d1c8f68) thrown at [/Users/java_re/workspace/8-2-build-macosx-x86_64/jdk8u201/12322/hotspot/src/share/vm/runtime/sharedRuntime.cpp, line 605]

Events (10 events):
Event: 5.778 loading class org/hibernate/metamodel/internal/SingularAttributeImpl
Event: 5.778 loading class org/hibernate/metamodel/internal/SingularAttributeImpl done
Event: 5.778 loading class javax/persistence/metamodel/SingularAttribute
Event: 5.778 loading class javax/persistence/metamodel/SingularAttribute done
Event: 5.778 loading class javax/persistence/metamodel/Attribute
Event: 5.778 loading class javax/persistence/metamodel/Attribute done
Event: 5.778 loading class org/hibernate/metamodel/internal/AbstractAttribute
Event: 5.778 loading class org/hibernate/metamodel/internal/AbstractAttribute done
Event: 5.779 loading class org/hibernate/metamodel/internal/AttributeImplementor
Event: 5.779 loading class org/hibernate/metamodel/internal/AttributeImplementor done


Dynamic libraries:
0x00007fff88175000 	/System/Library/Frameworks/Cocoa.framework/Versions/A/Cocoa
0x00007fff895ad000 	/System/Library/Frameworks/Security.framework/Versions/A/Security
0x00007fff8c655000 	/System/Library/Frameworks/ApplicationServices.framework/Versions/A/ApplicationServices
0x00007fff8a3b9000 	/usr/lib/libz.1.dylib
0x00007fff82c4c000 	/usr/lib/libSystem.B.dylib
0x00007fff8787f000 	/usr/lib/libobjc.A.dylib
0x00007fff87dc9000 	/System/Library/Frameworks/CoreFoundation.framework/Versions/A/CoreFoundation
0x00007fff8291d000 	/System/Library/Frameworks/Foundation.framework/Versions/C/Foundation
0x00007fff809d9000 	/System/Library/Frameworks/AppKit.framework/Versions/C/AppKit
0x00007fff8e44f000 	/System/Library/Frameworks/CoreData.framework/Versions/A/CoreData
0x00007fff8a47d000 	/System/Library/PrivateFrameworks/RemoteViewServices.framework/Versions/A/RemoteViewServices
0x00007fff873f7000 	/System/Library/Frameworks/AudioToolbox.framework/Versions/A/AudioToolbox
0x00007fff84233000 	/System/Library/Frameworks/AudioUnit.framework/Versions/A/AudioUnit
0x00007fff82c86000 	/System/Library/PrivateFrameworks/DataDetectorsCore.framework/Versions/A/DataDetectorsCore
0x00007fff839e2000 	/System/Library/PrivateFrameworks/DesktopServicesPriv.framework/Versions/A/DesktopServicesPriv
0x00007fff83dcd000 	/System/Library/Frameworks/Carbon.framework/Versions/A/Frameworks/HIToolbox.framework/Versions/A/HIToolbox
0x00007fff83b52000 	/System/Library/Frameworks/QuartzCore.framework/Versions/A/QuartzCore
0x00007fff8d6ce000 	/System/Library/Frameworks/Carbon.framework/Versions/A/Frameworks/SpeechRecognition.framework/Versions/A/SpeechRecognition
0x00007fff8bb6e000 	/usr/lib/libauto.dylib
0x00007fff82db8000 	/usr/lib/libicucore.A.dylib
0x00007fff86dfc000 	/usr/lib/libxml2.2.dylib
0x00007fff86ee5000 	/System/Library/PrivateFrameworks/CoreUI.framework/Versions/A/CoreUI
0x00007fff83099000 	/System/Library/Frameworks/CoreAudio.framework/Versions/A/CoreAudio
0x00007fff888e4000 	/System/Library/Frameworks/DiskArbitration.framework/Versions/A/DiskArbitration
0x00007fff82232000 	/usr/lib/liblangid.dylib
0x00007fff8c904000 	/System/Library/PrivateFrameworks/MultitouchSupport.framework/Versions/A/MultitouchSupport
0x00007fff86a2a000 	/System/Library/Frameworks/IOKit.framework/Versions/A/IOKit
0x00007fff821df000 	/usr/lib/libDiagnosticMessagesClient.dylib
0x00007fff83945000 	/System/Library/Frameworks/CoreServices.framework/Versions/A/CoreServices
0x00007fff8e213000 	/System/Library/PrivateFrameworks/PerformanceAnalysis.framework/Versions/A/PerformanceAnalysis
0x00007fff847c6000 	/System/Library/PrivateFrameworks/GenerationalStorage.framework/Versions/A/GenerationalStorage
0x00007fff89874000 	/System/Library/Frameworks/OpenGL.framework/Versions/A/OpenGL
0x00007fff8a315000 	/System/Library/PrivateFrameworks/Sharing.framework/Versions/A/Sharing
0x00007fff8c757000 	/System/Library/Frameworks/ImageIO.framework/Versions/A/ImageIO
0x00007fff81799000 	/System/Library/Frameworks/CoreText.framework/Versions/A/CoreText
0x00007fff8cd8d000 	/System/Library/Frameworks/CoreGraphics.framework/Versions/A/CoreGraphics
0x00007fff83880000 	/System/Library/PrivateFrameworks/Backup.framework/Versions/A/Backup
0x00007fff860a3000 	/System/Library/Frameworks/CFNetwork.framework/Versions/A/CFNetwork
0x00007fff831d9000 	/System/Library/Frameworks/SystemConfiguration.framework/Versions/A/SystemConfiguration
0x00007fff8be18000 	/usr/lib/libCRFSuite.dylib
0x00007fff81fc5000 	/usr/lib/libc++.1.dylib
0x00007fff86fd5000 	/usr/lib/libc++abi.dylib
0x00007fff8a56b000 	/usr/lib/system/libcache.dylib
0x00007fff8d6b7000 	/usr/lib/system/libcommonCrypto.dylib
0x00007fff86c72000 	/usr/lib/system/libcompiler_rt.dylib
0x00007fff85123000 	/usr/lib/system/libcopyfile.dylib
0x00007fff82066000 	/usr/lib/system/libcorecrypto.dylib
0x00007fff86fff000 	/usr/lib/system/libdispatch.dylib
0x00007fff82c82000 	/usr/lib/system/libdyld.dylib
0x00007fff83946000 	/usr/lib/system/libkeymgr.dylib
0x00007fff8c64d000 	/usr/lib/system/liblaunch.dylib
0x00007fff88410000 	/usr/lib/system/libmacho.dylib
0x00007fff8323d000 	/usr/lib/system/libquarantine.dylib
0x00007fff86824000 	/usr/lib/system/libremovefile.dylib
0x00007fff87fd2000 	/usr/lib/system/libsystem_asl.dylib
0x00007fff8dbf1000 	/usr/lib/system/libsystem_blocks.dylib
0x00007fff8c5c3000 	/usr/lib/system/libsystem_c.dylib
0x00007fff8c953000 	/usr/lib/system/libsystem_configuration.dylib
0x00007fff84c55000 	/usr/lib/system/libsystem_dnssd.dylib
0x00007fff836cc000 	/usr/lib/system/libsystem_info.dylib
0x00007fff8361c000 	/usr/lib/system/libsystem_kernel.dylib
0x00007fff8c917000 	/usr/lib/system/libsystem_m.dylib
0x00007fff872ab000 	/usr/lib/system/libsystem_malloc.dylib
0x00007fff8286d000 	/usr/lib/system/libsystem_network.dylib
0x00007fff89e02000 	/usr/lib/system/libsystem_notify.dylib
0x00007fff8c45d000 	/usr/lib/system/libsystem_platform.dylib
0x00007fff8681c000 	/usr/lib/system/libsystem_pthread.dylib
0x00007fff89e0c000 	/usr/lib/system/libsystem_sandbox.dylib
0x00007fff8378d000 	/usr/lib/system/libsystem_stats.dylib
0x00007fff83856000 	/usr/lib/system/libunc.dylib
0x00007fff8511d000 	/usr/lib/system/libunwind.dylib
0x00007fff82fe1000 	/usr/lib/system/libxpc.dylib
0x00007fff87d0b000 	/usr/lib/libbsm.0.dylib
0x00007fff81550000 	/usr/lib/libsqlite3.dylib
0x00007fff8c372000 	/usr/lib/libxar.1.dylib
0x00007fff8232d000 	/usr/lib/libpam.2.dylib
0x00007fff8a3cb000 	/usr/lib/libOpenScriptingUtil.dylib
0x00007fff87cd0000 	/usr/lib/libbz2.1.0.dylib
0x00007fff847df000 	/System/Library/Frameworks/CoreServices.framework/Versions/A/Frameworks/CarbonCore.framework/Versions/A/CarbonCore
0x00007fff8214e000 	/System/Library/Frameworks/CoreServices.framework/Versions/A/Frameworks/Metadata.framework/Versions/A/Metadata
0x00007fff83646000 	/System/Library/Frameworks/CoreServices.framework/Versions/A/Frameworks/OSServices.framework/Versions/A/OSServices
0x00007fff82253000 	/System/Library/Frameworks/CoreServices.framework/Versions/A/Frameworks/SearchKit.framework/Versions/A/SearchKit
0x00007fff868af000 	/System/Library/Frameworks/CoreServices.framework/Versions/A/Frameworks/AE.framework/Versions/A/AE
0x00007fff887fd000 	/System/Library/Frameworks/CoreServices.framework/Versions/A/Frameworks/LaunchServices.framework/Versions/A/LaunchServices
0x00007fff87fe4000 	/System/Library/Frameworks/CoreServices.framework/Versions/A/Frameworks/DictionaryServices.framework/Versions/A/DictionaryServices
0x00007fff8e447000 	/System/Library/Frameworks/NetFS.framework/Versions/A/NetFS
0x00007fff8d6c2000 	/usr/lib/system/libkxld.dylib
0x00007fff869de000 	/System/Library/PrivateFrameworks/NetAuth.framework/Versions/A/NetAuth
0x00007fff888c8000 	/System/Library/PrivateFrameworks/TCC.framework/Versions/A/TCC
0x00007fff888cc000 	/System/Library/Frameworks/OpenDirectory.framework/Versions/A/Frameworks/CFOpenDirectory.framework/Versions/A/CFOpenDirectory
0x00007fff841f7000 	/System/Library/Frameworks/ServiceManagement.framework/Versions/A/ServiceManagement
0x00007fff8c59a000 	/usr/lib/libxslt.1.dylib
0x00007fff8358f000 	/System/Library/Frameworks/Carbon.framework/Versions/A/Frameworks/Ink.framework/Versions/A/Ink
0x00007fff877ab000 	/System/Library/Frameworks/ApplicationServices.framework/Versions/A/Frameworks/ATS.framework/Versions/A/ATS
0x00007fff83958000 	/System/Library/Frameworks/ApplicationServices.framework/Versions/A/Frameworks/ColorSync.framework/Versions/A/ColorSync
0x00007fff83053000 	/System/Library/Frameworks/ApplicationServices.framework/Versions/A/Frameworks/HIServices.framework/Versions/A/HIServices
0x00007fff8c728000 	/System/Library/Frameworks/ApplicationServices.framework/Versions/A/Frameworks/LangAnalysis.framework/Versions/A/LangAnalysis
0x00007fff8c464000 	/System/Library/Frameworks/ApplicationServices.framework/Versions/A/Frameworks/PrintCore.framework/Versions/A/PrintCore
0x00007fff84d91000 	/System/Library/Frameworks/ApplicationServices.framework/Versions/A/Frameworks/QD.framework/Versions/A/QD
0x00007fff868a5000 	/System/Library/Frameworks/ApplicationServices.framework/Versions/A/Frameworks/SpeechSynthesis.framework/Versions/A/SpeechSynthesis
0x00007fff836be000 	/System/Library/Frameworks/IOSurface.framework/Versions/A/IOSurface
0x00007fff8dc92000 	/System/Library/Frameworks/Accelerate.framework/Versions/A/Accelerate
0x00007fff88528000 	/System/Library/Frameworks/Accelerate.framework/Versions/A/Frameworks/vImage.framework/Versions/A/vImage
0x00007fff8c571000 	/System/Library/Frameworks/Accelerate.framework/Versions/A/Frameworks/vecLib.framework/Versions/A/vecLib
0x00007fff8e12f000 	/System/Library/Frameworks/Accelerate.framework/Versions/A/Frameworks/vecLib.framework/Versions/A/libvDSP.dylib
0x00007fff8912c000 	/System/Library/Frameworks/Accelerate.framework/Versions/A/Frameworks/vecLib.framework/Versions/A/libvMisc.dylib
0x00007fff85203000 	/System/Library/Frameworks/Accelerate.framework/Versions/A/Frameworks/vecLib.framework/Versions/A/libLAPACK.dylib
0x00007fff81e56000 	/System/Library/Frameworks/Accelerate.framework/Versions/A/Frameworks/vecLib.framework/Versions/A/libBLAS.dylib
0x00007fff82424000 	/System/Library/Frameworks/ApplicationServices.framework/Versions/A/Frameworks/ATS.framework/Versions/A/Resources/libFontParser.dylib
0x00007fff842d2000 	/System/Library/Frameworks/ApplicationServices.framework/Versions/A/Frameworks/ATS.framework/Versions/A/Resources/libFontRegistry.dylib
0x00007fff85080000 	/System/Library/Frameworks/ImageIO.framework/Versions/A/Resources/libJPEG.dylib
0x00007fff8dca1000 	/System/Library/Frameworks/ImageIO.framework/Versions/A/Resources/libTIFF.dylib
0x00007fff89858000 	/System/Library/Frameworks/ImageIO.framework/Versions/A/Resources/libPng.dylib
0x00007fff89127000 	/System/Library/Frameworks/ImageIO.framework/Versions/A/Resources/libGIF.dylib
0x00007fff81af1000 	/System/Library/Frameworks/ImageIO.framework/Versions/A/Resources/libJP2.dylib
0x00007fff8dc9e000 	/System/Library/Frameworks/ImageIO.framework/Versions/A/Resources/libRadiance.dylib
0x00007fff83d06000 	/usr/lib/libcups.2.dylib
0x00007fff8502a000 	/System/Library/Frameworks/Kerberos.framework/Versions/A/Kerberos
0x00007fff82f78000 	/System/Library/Frameworks/GSS.framework/Versions/A/GSS
0x00007fff82c65000 	/usr/lib/libresolv.9.dylib
0x00007fff84b63000 	/usr/lib/libiconv.2.dylib
0x00007fff87819000 	/System/Library/PrivateFrameworks/Heimdal.framework/Versions/A/Heimdal
0x00007fff8c74d000 	/System/Library/PrivateFrameworks/TrustEvaluationAgent.framework/Versions/A/TrustEvaluationAgent
0x00007fff8436c000 	/usr/lib/libheimdal-asn1.dylib
0x00007fff899a6000 	/System/Library/Frameworks/OpenDirectory.framework/Versions/A/OpenDirectory
0x00007fff84b54000 	/System/Library/PrivateFrameworks/CommonAuth.framework/Versions/A/CommonAuth
0x00007fff8c656000 	/System/Library/Frameworks/SecurityFoundation.framework/Versions/A/SecurityFoundation
0x00007fff83553000 	/System/Library/PrivateFrameworks/Bom.framework/Versions/A/Bom
0x00007fff82fa8000 	/System/Library/Frameworks/CoreVideo.framework/Versions/A/CoreVideo
0x00007fff8d91f000 	/System/Library/Frameworks/QuartzCore.framework/Versions/A/Frameworks/CoreImage.framework/Versions/A/CoreImage
0x00007fff87d75000 	/System/Library/Frameworks/QuartzCore.framework/Versions/A/Frameworks/ScalableUserInterface.framework/Versions/A/ScalableUserInterface
0x00007fff88c94000 	/System/Library/Frameworks/OpenGL.framework/Versions/A/Libraries/libGLU.dylib
0x00007fff821e1000 	/System/Library/Frameworks/OpenGL.framework/Versions/A/Libraries/libGFXShared.dylib
0x00007fff8c947000 	/System/Library/Frameworks/OpenGL.framework/Versions/A/Libraries/libGL.dylib
0x00007fff821f3000 	/System/Library/Frameworks/OpenGL.framework/Versions/A/Libraries/libGLImage.dylib
0x00007fff869db000 	/System/Library/Frameworks/OpenGL.framework/Versions/A/Libraries/libCVMSPluginSupport.dylib
0x00007fff8a476000 	/System/Library/Frameworks/OpenGL.framework/Versions/A/Libraries/libCoreVMClient.dylib
0x00007fff8dcfb000 	/System/Library/PrivateFrameworks/FaceCore.framework/Versions/A/FaceCore
0x00007fff8c738000 	/System/Library/PrivateFrameworks/CrashReporterSupport.framework/Versions/A/CrashReporterSupport
0x00007fff86d77000 	/System/Library/Frameworks/OpenCL.framework/Versions/A/OpenCL
0x00007fff83639000 	/System/Library/PrivateFrameworks/AppleFSCompression.framework/Versions/A/AppleFSCompression
0x00007fff8c358000 	/System/Library/PrivateFrameworks/Ubiquity.framework/Versions/A/Ubiquity
0x00007fff84202000 	/System/Library/PrivateFrameworks/IconServices.framework/Versions/A/IconServices
0x00007fff8c572000 	/System/Library/PrivateFrameworks/ChunkingLibrary.framework/Versions/A/ChunkingLibrary
0x00007fff8c85f000 	/System/Library/PrivateFrameworks/CoreSymbolication.framework/Versions/A/CoreSymbolication
0x00007fff87d1c000 	/System/Library/PrivateFrameworks/Symbolication.framework/Versions/A/Symbolication
0x00007fff843ba000 	/System/Library/PrivateFrameworks/DebugSymbols.framework/Versions/A/DebugSymbols
0x0000000104200000 	/Library/Java/JavaVirtualMachines/jdk1.8.0_201.jdk/Contents/Home/jre/lib/server/libjvm.dylib
0x00007fff820ff000 	/usr/lib/libstdc++.6.dylib
0x0000000103994000 	/Library/Java/JavaVirtualMachines/jdk1.8.0_201.jdk/Contents/Home/jre/lib/libverify.dylib
0x00000001039a2000 	/Library/Java/JavaVirtualMachines/jdk1.8.0_201.jdk/Contents/Home/jre/lib/libjava.dylib
0x00000001039d9000 	/Library/Java/JavaVirtualMachines/jdk1.8.0_201.jdk/Contents/Home/jre/lib/libinstrument.dylib
0x00000001052f5000 	/Library/Java/JavaVirtualMachines/jdk1.8.0_201.jdk/Contents/Home/jre/lib/libzip.dylib
0x000000011d08c000 	/Library/Java/JavaVirtualMachines/jdk1.8.0_201.jdk/Contents/Home/jre/lib/libnet.dylib
0x000000011d1ee000 	/Library/Java/JavaVirtualMachines/jdk1.8.0_201.jdk/Contents/Home/jre/lib/libmanagement.dylib
0x000000011d1fc000 	/Library/Java/JavaVirtualMachines/jdk1.8.0_201.jdk/Contents/Home/jre/lib/libnio.dylib

VM Arguments:
jvm_args: -XX:TieredStopAtLevel=1 -Xverify:none -Dspring.output.ansi.enabled=always -Dcom.sun.management.jmxremote -Dspring.liveBeansView.mbeanDomain -Dspring.application.admin.enabled=true -javaagent:/Applications/IntelliJ IDEA.app/Contents/lib/idea_rt.jar=50517:/Applications/IntelliJ IDEA.app/Contents/bin -Dfile.encoding=UTF-8 
java_command: ImageHoster.ImageHosterApplication
java_class_path (initial): /Library/Java/JavaVirtualMachines/jdk1.8.0_201.jdk/Contents/Home/jre/lib/charsets.jar:/Library/Java/JavaVirtualMachines/jdk1.8.0_201.jdk/Contents/Home/jre/lib/deploy.jar:/Library/Java/JavaVirtualMachines/jdk1.8.0_201.jdk/Contents/Home/jre/lib/ext/cldrdata.jar:/Library/Java/JavaVirtualMachines/jdk1.8.0_201.jdk/Contents/Home/jre/lib/ext/dnsns.jar:/Library/Java/JavaVirtualMachines/jdk1.8.0_201.jdk/Contents/Home/jre/lib/ext/jaccess.jar:/Library/Java/JavaVirtualMachines/jdk1.8.0_201.jdk/Contents/Home/jre/lib/ext/jfxrt.jar:/Library/Java/JavaVirtualMachines/jdk1.8.0_201.jdk/Contents/Home/jre/lib/ext/localedata.jar:/Library/Java/JavaVirtualMachines/jdk1.8.0_201.jdk/Contents/Home/jre/lib/ext/nashorn.jar:/Library/Java/JavaVirtualMachines/jdk1.8.0_201.jdk/Contents/Home/jre/lib/ext/sunec.jar:/Library/Java/JavaVirtualMachines/jdk1.8.0_201.jdk/Contents/Home/jre/lib/ext/sunjce_provider.jar:/Library/Java/JavaVirtualMachines/jdk1.8.0_201.jdk/Contents/Home/jre/lib/ext/sunpkcs11.jar:/Library/Java/JavaVirtualMachines/jdk1.8.0_201.jdk/Contents/Home/jre/lib/ext/zipfs.jar:/Library/Java/JavaVirtualMachines/jdk1.8.0_201.jdk/Contents/Home/jre/lib/javaws.jar:/Library/Java/JavaVirtualMachines/jdk1.8.0_201.jdk/Contents/Home/jre/lib/jce.jar:/Library/Java/JavaVirtualMachines/jdk1.8.0_201.jdk/Contents/Home/jre/lib/jfr.jar:/Library/Java/JavaVirtualMachines/jdk1.8.0_201.jdk/Contents/Home/jre/lib/jfxswt.jar:/Library/Java/JavaVirtualMachines/jdk1.8.0_201.jdk/Contents/Home/jre/lib/jsse.jar:/Library/Java/JavaVirtualMachines/jdk1.8.0_201.jdk/Contents/Home/jre/lib/management-agent.jar:/Library/Java/JavaVirtualMachines/jdk1.8.0_201.jdk/Contents/Home/jre/lib/plugin.jar:/Library/Java/JavaVirtualMachines/jdk1.8.0_201.jdk/Contents/Home/jre/lib/resources.jar:/Library/Java/JavaVirtualMachines/jdk1.8.0_201.jdk/Contents/Home/jre/lib/rt.jar:/Library/Java/JavaVirtualMachines/jdk1.8.0_201.jdk/Contents/Home/lib/ant-javafx.jar:/Library/Java/JavaVirtualMachines/jdk1.8.0_201.jdk/Contents/Home
Launcher Type: SUN_STANDARD

Environment Variables:
PATH=/usr/bin:/bin:/usr/sbin:/sbin:/usr/local/bin
SHELL=/bin/bash

Signal Handlers:
SIGSEGV: [libjvm.dylib+0x5b723d], sa_mask[0]=11111111011111110111111111111111, sa_flags=SA_ONSTACK|SA_RESTART|SA_SIGINFO
SIGBUS: [libjvm.dylib+0x5b723d], sa_mask[0]=11111111011111110111111111111111, sa_flags=SA_RESTART|SA_SIGINFO
SIGFPE: [libjvm.dylib+0x48c9bc], sa_mask[0]=11111111011111110111111111111111, sa_flags=SA_RESTART|SA_SIGINFO
SIGPIPE: [libjvm.dylib+0x48c9bc], sa_mask[0]=11111111011111110111111111111111, sa_flags=SA_RESTART|SA_SIGINFO
SIGXFSZ: [libjvm.dylib+0x48c9bc], sa_mask[0]=11111111011111110111111111111111, sa_flags=SA_RESTART|SA_SIGINFO
SIGILL: [libjvm.dylib+0x48c9bc], sa_mask[0]=11111111011111110111111111111111, sa_flags=SA_RESTART|SA_SIGINFO
SIGUSR1: SIG_DFL, sa_mask[0]=00000000000000000000000000000000, sa_flags=SA_RESTART
SIGUSR2: [libjvm.dylib+0x48c4da], sa_mask[0]=00100000000000000000000000000000, sa_flags=SA_RESTART|SA_SIGINFO
SIGHUP: [libjvm.dylib+0x48aa65], sa_mask[0]=11111111011111110111111111111111, sa_flags=SA_RESTART|SA_SIGINFO
SIGINT: [libjvm.dylib+0x48aa65], sa_mask[0]=11111111011111110111111111111111, sa_flags=SA_RESTART|SA_SIGINFO
SIGTERM: [libjvm.dylib+0x48aa65], sa_mask[0]=11111111011111110111111111111111, sa_flags=SA_RESTART|SA_SIGINFO
SIGQUIT: [libjvm.dylib+0x48aa65], sa_mask[0]=11111111011111110111111111111111, sa_flags=SA_RESTART|SA_SIGINFO


---------------  S Y S T E M  ---------------

OS:Bsduname:Darwin 13.4.0 Darwin Kernel Version 13.4.0: Mon Jan 11 18:17:34 PST 2016; root:xnu-2422.115.15~1/RELEASE_X86_64 x86_64
rlimit: STACK 8192k, CORE 0k, NPROC 709, NOFILE 10240, AS infinity
load average:4.00 3.03 2.47

CPU:total 4 (initial active 4) (2 cores per cpu, 2 threads per core) family 6 model 58 stepping 9, cmov, cx8, fxsr, mmx, sse, sse2, sse3, ssse3, sse4.1, sse4.2, popcnt, avx, aes, clmul, erms, ht, tsc, tscinvbit, tscinv

Memory: 4k page, physical 10485760k(4075060k free)

/proc/meminfo:


vm_info: Java HotSpot(TM) 64-Bit Server VM (25.201-b09) for bsd-amd64 JRE (1.8.0_201-b09), built on Dec 15 2018 18:35:23 by "java_re" with gcc 4.2.1 (Based on Apple Inc. build 5658) (LLVM build 2336.11.00)

time: Sun Apr  7 19:10:32 2019
timezone: EET
elapsed time: 5 seconds (0d 0h 0m 5s)

